2023-07-23 22:07:595 INFO  HomePage :59 - EnterJob TitleTesterto job title field [[ChromeDriver: chrome on windows (0d07e6636d461ec5e4472a1cf3b43f48)] -> id: keywords]
2023-07-23 22:07:55 INFO  HomePage :66 - Enter locationHarrowto location field [[ChromeDriver: chrome on windows (0d07e6636d461ec5e4472a1cf3b43f48)] -> xpath: //input[@id='location']]
2023-07-23 22:07:153 INFO  HomePage :72 - Select Distance up to 5 milesfrom distance field [[ChromeDriver: chrome on windows (0d07e6636d461ec5e4472a1cf3b43f48)] -> xpath: //select[@id='distance']]
2023-07-23 22:07:324 INFO  HomePage :78 - Click on search option link[[ChromeDriver: chrome on windows (0d07e6636d461ec5e4472a1cf3b43f48)] -> xpath: //button[@id='toggle-hp-search']]
2023-07-23 22:07:568 INFO  HomePage :84 - Enter min salary 30000to salary field [[ChromeDriver: chrome on windows (0d07e6636d461ec5e4472a1cf3b43f48)] -> xpath: //input[@id='salarymin']]
2023-07-23 22:07:677 INFO  HomePage :90 - Enter Max salary500000to salary field [[ChromeDriver: chrome on windows (0d07e6636d461ec5e4472a1cf3b43f48)] -> xpath: //input[@id='salarymax']]
2023-07-23 22:07:773 INFO  HomePage :96 - Select salary typePer annumfrom dropdown [[ChromeDriver: chrome on windows (0d07e6636d461ec5e4472a1cf3b43f48)] -> xpath: //select[@id='salarytype']]
2023-07-23 22:07:927 INFO  HomePage :102 - Select job title Permanentfrom dropdown [[ChromeDriver: chrome on windows (0d07e6636d461ec5e4472a1cf3b43f48)] -> xpath: //select[@id='tempperm']]
2023-07-23 22:07:12 INFO  HomePage :108 - Click on find job button [[ChromeDriver: chrome on windows (0d07e6636d461ec5e4472a1cf3b43f48)] -> xpath: //input[@id='hp-search-btn']]
2023-07-23 22:07:265 INFO  HomePage :59 - EnterJob TitleDeveloperto job title field [[ChromeDriver: chrome on windows (f8d321f5ca65fd977f3cb42de76ca04d)] -> id: keywords]
2023-07-23 22:07:709 INFO  HomePage :66 - Enter locationReadingto location field [[ChromeDriver: chrome on windows (f8d321f5ca65fd977f3cb42de76ca04d)] -> xpath: //input[@id='location']]
2023-07-23 22:07:835 INFO  HomePage :72 - Select Distance up to 2 milesfrom distance field [[ChromeDriver: chrome on windows (f8d321f5ca65fd977f3cb42de76ca04d)] -> xpath: //select[@id='distance']]
2023-07-23 22:07:930 INFO  HomePage :78 - Click on search option link[[ChromeDriver: chrome on windows (f8d321f5ca65fd977f3cb42de76ca04d)] -> xpath: //button[@id='toggle-hp-search']]
2023-07-23 22:07:213 INFO  HomePage :84 - Enter min salary 40000to salary field [[ChromeDriver: chrome on windows (f8d321f5ca65fd977f3cb42de76ca04d)] -> xpath: //input[@id='salarymin']]
2023-07-23 22:07:329 INFO  HomePage :90 - Enter Max salary600000to salary field [[ChromeDriver: chrome on windows (f8d321f5ca65fd977f3cb42de76ca04d)] -> xpath: //input[@id='salarymax']]
2023-07-23 22:07:434 INFO  HomePage :96 - Select salary typePer dayfrom dropdown [[ChromeDriver: chrome on windows (f8d321f5ca65fd977f3cb42de76ca04d)] -> xpath: //select[@id='salarytype']]
2023-07-23 22:07:562 INFO  HomePage :102 - Select job title Contractfrom dropdown [[ChromeDriver: chrome on windows (f8d321f5ca65fd977f3cb42de76ca04d)] -> xpath: //select[@id='tempperm']]
2023-07-23 22:07:638 INFO  HomePage :108 - Click on find job button [[ChromeDriver: chrome on windows (f8d321f5ca65fd977f3cb42de76ca04d)] -> xpath: //input[@id='hp-search-btn']]
2023-07-23 22:07:968 INFO  HomePage :59 - EnterJob TitleTest Managerto job title field [[ChromeDriver: chrome on windows (8be8aa5635dc4f22440321dc2c5eeb80)] -> id: keywords]
2023-07-23 22:07:495 INFO  HomePage :66 - Enter locationManchesterto location field [[ChromeDriver: chrome on windows (8be8aa5635dc4f22440321dc2c5eeb80)] -> xpath: //input[@id='location']]
2023-07-23 22:07:601 INFO  HomePage :72 - Select Distance up to 7 milesfrom distance field [[ChromeDriver: chrome on windows (8be8aa5635dc4f22440321dc2c5eeb80)] -> xpath: //select[@id='distance']]
2023-07-23 22:07:732 INFO  HomePage :78 - Click on search option link[[ChromeDriver: chrome on windows (8be8aa5635dc4f22440321dc2c5eeb80)] -> xpath: //button[@id='toggle-hp-search']]
2023-07-23 22:07:887 INFO  HomePage :84 - Enter min salary 45000to salary field [[ChromeDriver: chrome on windows (8be8aa5635dc4f22440321dc2c5eeb80)] -> xpath: //input[@id='salarymin']]
2023-07-23 22:07:25 INFO  HomePage :90 - Enter Max salary650000to salary field [[ChromeDriver: chrome on windows (8be8aa5635dc4f22440321dc2c5eeb80)] -> xpath: //input[@id='salarymax']]
2023-07-23 22:07:121 INFO  HomePage :96 - Select salary typePer monthfrom dropdown [[ChromeDriver: chrome on windows (8be8aa5635dc4f22440321dc2c5eeb80)] -> xpath: //select[@id='salarytype']]
2023-07-23 22:07:257 INFO  HomePage :102 - Select job title Permanentfrom dropdown [[ChromeDriver: chrome on windows (8be8aa5635dc4f22440321dc2c5eeb80)] -> xpath: //select[@id='tempperm']]
2023-07-23 22:07:338 INFO  HomePage :108 - Click on find job button [[ChromeDriver: chrome on windows (8be8aa5635dc4f22440321dc2c5eeb80)] -> xpath: //input[@id='hp-search-btn']]
2023-07-23 22:07:851 INFO  HomePage :59 - EnterJob TitleDevops Engineerto job title field [[ChromeDriver: chrome on windows (3cb38b126a2296c8dfbe72004281c957)] -> id: keywords]
2023-07-23 22:07:330 INFO  HomePage :66 - Enter locationLutonto location field [[ChromeDriver: chrome on windows (3cb38b126a2296c8dfbe72004281c957)] -> xpath: //input[@id='location']]
2023-07-23 22:07:426 INFO  HomePage :72 - Select Distance up to 15 milesfrom distance field [[ChromeDriver: chrome on windows (3cb38b126a2296c8dfbe72004281c957)] -> xpath: //select[@id='distance']]
2023-07-23 22:07:515 INFO  HomePage :78 - Click on search option link[[ChromeDriver: chrome on windows (3cb38b126a2296c8dfbe72004281c957)] -> xpath: //button[@id='toggle-hp-search']]
2023-07-23 22:07:739 INFO  HomePage :84 - Enter min salary 35000to salary field [[ChromeDriver: chrome on windows (3cb38b126a2296c8dfbe72004281c957)] -> xpath: //input[@id='salarymin']]
2023-07-23 22:07:868 INFO  HomePage :90 - Enter Max salary600000to salary field [[ChromeDriver: chrome on windows (3cb38b126a2296c8dfbe72004281c957)] -> xpath: //input[@id='salarymax']]
2023-07-23 22:07:970 INFO  HomePage :96 - Select salary typePer weekfrom dropdown [[ChromeDriver: chrome on windows (3cb38b126a2296c8dfbe72004281c957)] -> xpath: //select[@id='salarytype']]
2023-07-23 22:07:95 INFO  HomePage :102 - Select job title Part Timefrom dropdown [[ChromeDriver: chrome on windows (3cb38b126a2296c8dfbe72004281c957)] -> xpath: //select[@id='tempperm']]
2023-07-23 22:07:181 INFO  HomePage :108 - Click on find job button [[ChromeDriver: chrome on windows (3cb38b126a2296c8dfbe72004281c957)] -> xpath: //input[@id='hp-search-btn']]
2023-07-23 22:07:485 INFO  HomePage :59 - EnterJob TitleTest Analystto job title field [[ChromeDriver: chrome on windows (1c19f863ce8c36502cd6526cf4b0cf77)] -> id: keywords]
2023-07-23 22:07:906 INFO  HomePage :66 - Enter locationLondonto location field [[ChromeDriver: chrome on windows (1c19f863ce8c36502cd6526cf4b0cf77)] -> xpath: //input[@id='location']]
2023-07-23 22:07:09 INFO  HomePage :72 - Select Distance up to 10 milesfrom distance field [[ChromeDriver: chrome on windows (1c19f863ce8c36502cd6526cf4b0cf77)] -> xpath: //select[@id='distance']]
2023-07-23 22:07:115 INFO  HomePage :78 - Click on search option link[[ChromeDriver: chrome on windows (1c19f863ce8c36502cd6526cf4b0cf77)] -> xpath: //button[@id='toggle-hp-search']]
2023-07-23 22:07:289 INFO  HomePage :84 - Enter min salary 45000to salary field [[ChromeDriver: chrome on windows (1c19f863ce8c36502cd6526cf4b0cf77)] -> xpath: //input[@id='salarymin']]
2023-07-23 22:07:543 INFO  HomePage :90 - Enter Max salary650000to salary field [[ChromeDriver: chrome on windows (1c19f863ce8c36502cd6526cf4b0cf77)] -> xpath: //input[@id='salarymax']]
2023-07-23 22:07:627 INFO  HomePage :96 - Select salary typePer dayfrom dropdown [[ChromeDriver: chrome on windows (1c19f863ce8c36502cd6526cf4b0cf77)] -> xpath: //select[@id='salarytype']]
2023-07-23 22:07:780 INFO  HomePage :102 - Select job title Contractfrom dropdown [[ChromeDriver: chrome on windows (1c19f863ce8c36502cd6526cf4b0cf77)] -> xpath: //select[@id='tempperm']]
2023-07-23 22:07:863 INFO  HomePage :108 - Click on find job button [[ChromeDriver: chrome on windows (1c19f863ce8c36502cd6526cf4b0cf77)] -> xpath: //input[@id='hp-search-btn']]
2023-07-23 22:07:313 INFO  HomePage :59 - EnterJob TitleAccount Managerto job title field [[ChromeDriver: chrome on windows (55cc8bd2f1f4a6974c463ed6cfc4c7cf)] -> id: keywords]
2023-07-23 22:07:836 INFO  HomePage :66 - Enter locationLeedsto location field [[ChromeDriver: chrome on windows (55cc8bd2f1f4a6974c463ed6cfc4c7cf)] -> xpath: //input[@id='location']]
2023-07-23 22:07:934 INFO  HomePage :72 - Select Distance up to 5 milesfrom distance field [[ChromeDriver: chrome on windows (55cc8bd2f1f4a6974c463ed6cfc4c7cf)] -> xpath: //select[@id='distance']]
2023-07-23 22:07:78 INFO  HomePage :78 - Click on search option link[[ChromeDriver: chrome on windows (55cc8bd2f1f4a6974c463ed6cfc4c7cf)] -> xpath: //button[@id='toggle-hp-search']]
2023-07-23 22:07:423 INFO  HomePage :84 - Enter min salary 40000to salary field [[ChromeDriver: chrome on windows (55cc8bd2f1f4a6974c463ed6cfc4c7cf)] -> xpath: //input[@id='salarymin']]
2023-07-23 22:07:556 INFO  HomePage :90 - Enter Max salary600000to salary field [[ChromeDriver: chrome on windows (55cc8bd2f1f4a6974c463ed6cfc4c7cf)] -> xpath: //input[@id='salarymax']]
2023-07-23 22:07:657 INFO  HomePage :96 - Select salary typePer annumfrom dropdown [[ChromeDriver: chrome on windows (55cc8bd2f1f4a6974c463ed6cfc4c7cf)] -> xpath: //select[@id='salarytype']]
2023-07-23 22:07:787 INFO  HomePage :102 - Select job title Permanentfrom dropdown [[ChromeDriver: chrome on windows (55cc8bd2f1f4a6974c463ed6cfc4c7cf)] -> xpath: //select[@id='tempperm']]
2023-07-23 22:07:874 INFO  HomePage :108 - Click on find job button [[ChromeDriver: chrome on windows (55cc8bd2f1f4a6974c463ed6cfc4c7cf)] -> xpath: //input[@id='hp-search-btn']]
